2025-11-01 16:03:57,578 INFO: Orgzaar API baþlatýldý [in C:\Users\turks\Desktop\orgzaar_api\app.py:27]
2025-11-01 16:03:58,779 INFO: Orgzaar API baþlatýldý [in C:\Users\turks\Desktop\orgzaar_api\app.py:27]
2025-11-01 16:07:42,062 INFO: Orgzaar API baþlatýldý [in C:\Users\turks\Desktop\orgzaar_api\app.py:27]
2025-11-01 16:07:42,688 INFO: Orgzaar API baþlatýldý [in C:\Users\turks\Desktop\orgzaar_api\app.py:27]
2025-11-01 16:08:12,879 INFO: Hizmetler listelendi: 5 adet [in C:\Users\turks\Desktop\orgzaar_api\api\routes.py:48]
2025-11-01 16:09:46,560 ERROR: Rezervasyon oluþturulurken hata: 400 Bad Request: Failed to decode JSON object: 'utf-8' codec can't decode byte 0xe7 in position 81: invalid continuation byte [in C:\Users\turks\Desktop\orgzaar_api\api\routes.py:100]
2025-11-01 16:09:57,129 INFO: Hizmetler listelendi: 5 adet [in C:\Users\turks\Desktop\orgzaar_api\api\routes.py:48]
2025-11-01 16:10:07,497 INFO: Rezervasyon oluþturuldu - ID: 1531, Tarih: 2025-12-25, Hizmetler: [1, 3] [in C:\Users\turks\Desktop\orgzaar_api\api\routes.py:88]
2025-11-01 16:10:16,393 INFO: Rezervasyon oluþturuldu - ID: 3995, Tarih: 2025-12-20, Hizmetler: [2] [in C:\Users\turks\Desktop\orgzaar_api\api\routes.py:88]
2025-11-01 16:10:22,087 INFO: Rezervasyon oluþturuldu - ID: 3048, Tarih: 2025-12-15, Hizmetler: [] [in C:\Users\turks\Desktop\orgzaar_api\api\routes.py:88]
2025-11-01 16:10:29,407 WARNING: Validasyon hatasý: {'service_ids': 'service_ids alaný zorunludur.'} [in C:\Users\turks\Desktop\orgzaar_api\api\routes.py:76]
2025-11-01 16:10:34,917 WARNING: Validasyon hatasý: {'service_ids': 'service_ids alaný zorunludur.'} [in C:\Users\turks\Desktop\orgzaar_api\api\routes.py:76]
2025-11-01 16:10:41,421 ERROR: Rezervasyon oluþturulurken hata: 400 Bad Request: Failed to decode JSON object: Expecting property name enclosed in double quotes: line 1 column 2 (char 1) [in C:\Users\turks\Desktop\orgzaar_api\api\routes.py:100]
2025-11-01 16:10:49,016 INFO: Orgzaar API baþlatýldý [in C:\Users\turks\Desktop\orgzaar_api\app.py:27]
2025-11-01 16:10:49,028 INFO: Hizmetler listelendi: 5 adet [in C:\Users\turks\Desktop\orgzaar_api\api\routes.py:48]
2025-11-01 16:10:49,041 INFO: Orgzaar API baþlatýldý [in C:\Users\turks\Desktop\orgzaar_api\app.py:27]
2025-11-01 16:10:49,041 INFO: Orgzaar API baþlatýldý [in C:\Users\turks\Desktop\orgzaar_api\app.py:27]
2025-11-01 16:10:49,043 INFO: Hizmetler listelendi: 5 adet [in C:\Users\turks\Desktop\orgzaar_api\api\routes.py:48]
2025-11-01 16:10:49,043 INFO: Hizmetler listelendi: 5 adet [in C:\Users\turks\Desktop\orgzaar_api\api\routes.py:48]
2025-11-01 16:10:49,049 INFO: Orgzaar API baþlatýldý [in C:\Users\turks\Desktop\orgzaar_api\app.py:27]
2025-11-01 16:10:49,049 INFO: Orgzaar API baþlatýldý [in C:\Users\turks\Desktop\orgzaar_api\app.py:27]
2025-11-01 16:10:49,049 INFO: Orgzaar API baþlatýldý [in C:\Users\turks\Desktop\orgzaar_api\app.py:27]
2025-11-01 16:10:49,058 INFO: Rezervasyon oluþturuldu - ID: 1206, Tarih: 2025-12-01, Hizmetler: [1, 3] [in C:\Users\turks\Desktop\orgzaar_api\api\routes.py:88]
2025-11-01 16:10:49,058 INFO: Rezervasyon oluþturuldu - ID: 1206, Tarih: 2025-12-01, Hizmetler: [1, 3] [in C:\Users\turks\Desktop\orgzaar_api\api\routes.py:88]
2025-11-01 16:10:49,058 INFO: Rezervasyon oluþturuldu - ID: 1206, Tarih: 2025-12-01, Hizmetler: [1, 3] [in C:\Users\turks\Desktop\orgzaar_api\api\routes.py:88]
2025-11-01 16:10:49,066 INFO: Orgzaar API baþlatýldý [in C:\Users\turks\Desktop\orgzaar_api\app.py:27]
2025-11-01 16:10:49,066 INFO: Orgzaar API baþlatýldý [in C:\Users\turks\Desktop\orgzaar_api\app.py:27]
2025-11-01 16:10:49,066 INFO: Orgzaar API baþlatýldý [in C:\Users\turks\Desktop\orgzaar_api\app.py:27]
2025-11-01 16:10:49,066 INFO: Orgzaar API baþlatýldý [in C:\Users\turks\Desktop\orgzaar_api\app.py:27]
2025-11-01 16:10:49,068 INFO: Rezervasyon oluþturuldu - ID: 9600, Tarih: 2025-11-16, Hizmetler: [2] [in C:\Users\turks\Desktop\orgzaar_api\api\routes.py:88]
2025-11-01 16:10:49,068 INFO: Rezervasyon oluþturuldu - ID: 9600, Tarih: 2025-11-16, Hizmetler: [2] [in C:\Users\turks\Desktop\orgzaar_api\api\routes.py:88]
2025-11-01 16:10:49,068 INFO: Rezervasyon oluþturuldu - ID: 9600, Tarih: 2025-11-16, Hizmetler: [2] [in C:\Users\turks\Desktop\orgzaar_api\api\routes.py:88]
2025-11-01 16:10:49,068 INFO: Rezervasyon oluþturuldu - ID: 9600, Tarih: 2025-11-16, Hizmetler: [2] [in C:\Users\turks\Desktop\orgzaar_api\api\routes.py:88]
2025-11-01 16:10:49,075 INFO: Orgzaar API baþlatýldý [in C:\Users\turks\Desktop\orgzaar_api\app.py:27]
2025-11-01 16:10:49,075 INFO: Orgzaar API baþlatýldý [in C:\Users\turks\Desktop\orgzaar_api\app.py:27]
2025-11-01 16:10:49,075 INFO: Orgzaar API baþlatýldý [in C:\Users\turks\Desktop\orgzaar_api\app.py:27]
2025-11-01 16:10:49,075 INFO: Orgzaar API baþlatýldý [in C:\Users\turks\Desktop\orgzaar_api\app.py:27]
2025-11-01 16:10:49,075 INFO: Orgzaar API baþlatýldý [in C:\Users\turks\Desktop\orgzaar_api\app.py:27]
2025-11-01 16:10:49,077 INFO: Rezervasyon oluþturuldu - ID: 2112, Tarih: 2025-11-21, Hizmetler: [] [in C:\Users\turks\Desktop\orgzaar_api\api\routes.py:88]
2025-11-01 16:10:49,077 INFO: Rezervasyon oluþturuldu - ID: 2112, Tarih: 2025-11-21, Hizmetler: [] [in C:\Users\turks\Desktop\orgzaar_api\api\routes.py:88]
2025-11-01 16:10:49,077 INFO: Rezervasyon oluþturuldu - ID: 2112, Tarih: 2025-11-21, Hizmetler: [] [in C:\Users\turks\Desktop\orgzaar_api\api\routes.py:88]
2025-11-01 16:10:49,077 INFO: Rezervasyon oluþturuldu - ID: 2112, Tarih: 2025-11-21, Hizmetler: [] [in C:\Users\turks\Desktop\orgzaar_api\api\routes.py:88]
2025-11-01 16:10:49,077 INFO: Rezervasyon oluþturuldu - ID: 2112, Tarih: 2025-11-21, Hizmetler: [] [in C:\Users\turks\Desktop\orgzaar_api\api\routes.py:88]
2025-11-01 16:10:49,083 INFO: Orgzaar API baþlatýldý [in C:\Users\turks\Desktop\orgzaar_api\app.py:27]
2025-11-01 16:10:49,083 INFO: Orgzaar API baþlatýldý [in C:\Users\turks\Desktop\orgzaar_api\app.py:27]
2025-11-01 16:10:49,083 INFO: Orgzaar API baþlatýldý [in C:\Users\turks\Desktop\orgzaar_api\app.py:27]
2025-11-01 16:10:49,083 INFO: Orgzaar API baþlatýldý [in C:\Users\turks\Desktop\orgzaar_api\app.py:27]
2025-11-01 16:10:49,083 INFO: Orgzaar API baþlatýldý [in C:\Users\turks\Desktop\orgzaar_api\app.py:27]
2025-11-01 16:10:49,083 INFO: Orgzaar API baþlatýldý [in C:\Users\turks\Desktop\orgzaar_api\app.py:27]
2025-11-01 16:10:49,086 WARNING: Validasyon hatasý: {'service_ids': 'service_ids alaný zorunludur.'} [in C:\Users\turks\Desktop\orgzaar_api\api\routes.py:76]
2025-11-01 16:10:49,086 WARNING: Validasyon hatasý: {'service_ids': 'service_ids alaný zorunludur.'} [in C:\Users\turks\Desktop\orgzaar_api\api\routes.py:76]
2025-11-01 16:10:49,086 WARNING: Validasyon hatasý: {'service_ids': 'service_ids alaný zorunludur.'} [in C:\Users\turks\Desktop\orgzaar_api\api\routes.py:76]
2025-11-01 16:10:49,086 WARNING: Validasyon hatasý: {'service_ids': 'service_ids alaný zorunludur.'} [in C:\Users\turks\Desktop\orgzaar_api\api\routes.py:76]
2025-11-01 16:10:49,086 WARNING: Validasyon hatasý: {'service_ids': 'service_ids alaný zorunludur.'} [in C:\Users\turks\Desktop\orgzaar_api\api\routes.py:76]
2025-11-01 16:10:49,086 WARNING: Validasyon hatasý: {'service_ids': 'service_ids alaný zorunludur.'} [in C:\Users\turks\Desktop\orgzaar_api\api\routes.py:76]
2025-11-01 16:10:49,095 INFO: Orgzaar API baþlatýldý [in C:\Users\turks\Desktop\orgzaar_api\app.py:27]
2025-11-01 16:10:49,095 INFO: Orgzaar API baþlatýldý [in C:\Users\turks\Desktop\orgzaar_api\app.py:27]
2025-11-01 16:10:49,095 INFO: Orgzaar API baþlatýldý [in C:\Users\turks\Desktop\orgzaar_api\app.py:27]
2025-11-01 16:10:49,095 INFO: Orgzaar API baþlatýldý [in C:\Users\turks\Desktop\orgzaar_api\app.py:27]
2025-11-01 16:10:49,095 INFO: Orgzaar API baþlatýldý [in C:\Users\turks\Desktop\orgzaar_api\app.py:27]
2025-11-01 16:10:49,095 INFO: Orgzaar API baþlatýldý [in C:\Users\turks\Desktop\orgzaar_api\app.py:27]
2025-11-01 16:10:49,095 INFO: Orgzaar API baþlatýldý [in C:\Users\turks\Desktop\orgzaar_api\app.py:27]
2025-11-01 16:10:49,097 WARNING: Validasyon hatasý: {'event_date': 'event_date alaný zorunludur.'} [in C:\Users\turks\Desktop\orgzaar_api\api\routes.py:76]
2025-11-01 16:10:49,097 WARNING: Validasyon hatasý: {'event_date': 'event_date alaný zorunludur.'} [in C:\Users\turks\Desktop\orgzaar_api\api\routes.py:76]
2025-11-01 16:10:49,097 WARNING: Validasyon hatasý: {'event_date': 'event_date alaný zorunludur.'} [in C:\Users\turks\Desktop\orgzaar_api\api\routes.py:76]
2025-11-01 16:10:49,097 WARNING: Validasyon hatasý: {'event_date': 'event_date alaný zorunludur.'} [in C:\Users\turks\Desktop\orgzaar_api\api\routes.py:76]
2025-11-01 16:10:49,097 WARNING: Validasyon hatasý: {'event_date': 'event_date alaný zorunludur.'} [in C:\Users\turks\Desktop\orgzaar_api\api\routes.py:76]
2025-11-01 16:10:49,097 WARNING: Validasyon hatasý: {'event_date': 'event_date alaný zorunludur.'} [in C:\Users\turks\Desktop\orgzaar_api\api\routes.py:76]
2025-11-01 16:10:49,097 WARNING: Validasyon hatasý: {'event_date': 'event_date alaný zorunludur.'} [in C:\Users\turks\Desktop\orgzaar_api\api\routes.py:76]
2025-11-01 16:10:49,104 INFO: Orgzaar API baþlatýldý [in C:\Users\turks\Desktop\orgzaar_api\app.py:27]
2025-11-01 16:10:49,104 INFO: Orgzaar API baþlatýldý [in C:\Users\turks\Desktop\orgzaar_api\app.py:27]
2025-11-01 16:10:49,104 INFO: Orgzaar API baþlatýldý [in C:\Users\turks\Desktop\orgzaar_api\app.py:27]
2025-11-01 16:10:49,104 INFO: Orgzaar API baþlatýldý [in C:\Users\turks\Desktop\orgzaar_api\app.py:27]
2025-11-01 16:10:49,104 INFO: Orgzaar API baþlatýldý [in C:\Users\turks\Desktop\orgzaar_api\app.py:27]
2025-11-01 16:10:49,104 INFO: Orgzaar API baþlatýldý [in C:\Users\turks\Desktop\orgzaar_api\app.py:27]
2025-11-01 16:10:49,104 INFO: Orgzaar API baþlatýldý [in C:\Users\turks\Desktop\orgzaar_api\app.py:27]
2025-11-01 16:10:49,104 INFO: Orgzaar API baþlatýldý [in C:\Users\turks\Desktop\orgzaar_api\app.py:27]
2025-11-01 16:10:49,107 WARNING: Validasyon hatasý: {'event_date': 'Tarih formatý YYYY-MM-DD olmalýdýr ve gelecek bir tarih olmalýdýr.'} [in C:\Users\turks\Desktop\orgzaar_api\api\routes.py:76]
2025-11-01 16:10:49,107 WARNING: Validasyon hatasý: {'event_date': 'Tarih formatý YYYY-MM-DD olmalýdýr ve gelecek bir tarih olmalýdýr.'} [in C:\Users\turks\Desktop\orgzaar_api\api\routes.py:76]
2025-11-01 16:10:49,107 WARNING: Validasyon hatasý: {'event_date': 'Tarih formatý YYYY-MM-DD olmalýdýr ve gelecek bir tarih olmalýdýr.'} [in C:\Users\turks\Desktop\orgzaar_api\api\routes.py:76]
2025-11-01 16:10:49,107 WARNING: Validasyon hatasý: {'event_date': 'Tarih formatý YYYY-MM-DD olmalýdýr ve gelecek bir tarih olmalýdýr.'} [in C:\Users\turks\Desktop\orgzaar_api\api\routes.py:76]
2025-11-01 16:10:49,107 WARNING: Validasyon hatasý: {'event_date': 'Tarih formatý YYYY-MM-DD olmalýdýr ve gelecek bir tarih olmalýdýr.'} [in C:\Users\turks\Desktop\orgzaar_api\api\routes.py:76]
2025-11-01 16:10:49,107 WARNING: Validasyon hatasý: {'event_date': 'Tarih formatý YYYY-MM-DD olmalýdýr ve gelecek bir tarih olmalýdýr.'} [in C:\Users\turks\Desktop\orgzaar_api\api\routes.py:76]
2025-11-01 16:10:49,107 WARNING: Validasyon hatasý: {'event_date': 'Tarih formatý YYYY-MM-DD olmalýdýr ve gelecek bir tarih olmalýdýr.'} [in C:\Users\turks\Desktop\orgzaar_api\api\routes.py:76]
2025-11-01 16:10:49,107 WARNING: Validasyon hatasý: {'event_date': 'Tarih formatý YYYY-MM-DD olmalýdýr ve gelecek bir tarih olmalýdýr.'} [in C:\Users\turks\Desktop\orgzaar_api\api\routes.py:76]
